[debug] [2025-01-22T17:59:51.494Z] ----------------------------------------------------------------------
[debug] [2025-01-22T17:59:51.496Z] Command:       /usr/bin/node /usr/local/bin/firebase deploy
[debug] [2025-01-22T17:59:51.496Z] CLI Version:   13.29.1
[debug] [2025-01-22T17:59:51.497Z] Platform:      linux
[debug] [2025-01-22T17:59:51.497Z] Node Version:  v18.19.1
[debug] [2025-01-22T17:59:51.497Z] Time:          Wed Jan 22 2025 20:59:51 GMT+0300 (East Africa Time)
[debug] [2025-01-22T17:59:51.497Z] ----------------------------------------------------------------------
[debug] 
[debug] [2025-01-22T17:59:51.548Z] > command requires scopes: ["email","openid","https://www.googleapis.com/auth/cloudplatformprojects.readonly","https://www.googleapis.com/auth/firebase","https://www.googleapis.com/auth/cloud-platform"]
[debug] [2025-01-22T17:59:51.548Z] > authorizing via signed-in user (josoajuliano@gmail.com)
[debug] [2025-01-22T17:59:51.549Z] [iam] checking project gopharma-230d7 for permissions ["firebase.projects.get","firebasehosting.sites.update"]
[debug] [2025-01-22T17:59:51.550Z] Checked if tokens are valid: true, expires at: 1737572019496
[debug] [2025-01-22T17:59:51.550Z] Checked if tokens are valid: true, expires at: 1737572019496
[debug] [2025-01-22T17:59:51.551Z] >>> [apiv2][query] POST https://cloudresourcemanager.googleapis.com/v1/projects/gopharma-230d7:testIamPermissions [none]
[debug] [2025-01-22T17:59:51.551Z] >>> [apiv2][(partial)header] POST https://cloudresourcemanager.googleapis.com/v1/projects/gopharma-230d7:testIamPermissions x-goog-quota-user=projects/gopharma-230d7
[debug] [2025-01-22T17:59:51.552Z] >>> [apiv2][body] POST https://cloudresourcemanager.googleapis.com/v1/projects/gopharma-230d7:testIamPermissions {"permissions":["firebase.projects.get","firebasehosting.sites.update"]}
[debug] [2025-01-22T17:59:53.645Z] <<< [apiv2][status] POST https://cloudresourcemanager.googleapis.com/v1/projects/gopharma-230d7:testIamPermissions 200
[debug] [2025-01-22T17:59:53.646Z] <<< [apiv2][body] POST https://cloudresourcemanager.googleapis.com/v1/projects/gopharma-230d7:testIamPermissions {"permissions":["firebase.projects.get","firebasehosting.sites.update"]}
[debug] [2025-01-22T17:59:53.647Z] Checked if tokens are valid: true, expires at: 1737572019496
[debug] [2025-01-22T17:59:53.647Z] Checked if tokens are valid: true, expires at: 1737572019496
[debug] [2025-01-22T17:59:53.648Z] >>> [apiv2][query] GET https://firebase.googleapis.com/v1beta1/projects/gopharma-230d7 [none]
[debug] [2025-01-22T17:59:54.549Z] <<< [apiv2][status] GET https://firebase.googleapis.com/v1beta1/projects/gopharma-230d7 200
[debug] [2025-01-22T17:59:54.550Z] <<< [apiv2][body] GET https://firebase.googleapis.com/v1beta1/projects/gopharma-230d7 {"projectId":"gopharma-230d7","projectNumber":"193172513145","displayName":"GoPharma","name":"projects/gopharma-230d7","resources":{"hostingSite":"gopharma-230d7"},"state":"ACTIVE","etag":"1_d945099e-00d4-40b6-9296-edc342b143c8"}
[debug] [2025-01-22T17:59:56.119Z] Checked if tokens are valid: true, expires at: 1737572019496
[debug] [2025-01-22T17:59:56.119Z] Checked if tokens are valid: true, expires at: 1737572019496
[debug] [2025-01-22T17:59:56.120Z] >>> [apiv2][query] GET https://firebasehosting.googleapis.com/v1beta1/projects/gopharma-230d7/sites pageToken=&pageSize=10
[debug] [2025-01-22T17:59:58.349Z] <<< [apiv2][status] GET https://firebasehosting.googleapis.com/v1beta1/projects/gopharma-230d7/sites 200
[debug] [2025-01-22T17:59:58.349Z] <<< [apiv2][body] GET https://firebasehosting.googleapis.com/v1beta1/projects/gopharma-230d7/sites {"sites":[{"name":"projects/gopharma-230d7/sites/gopharma-230d7","defaultUrl":"https://gopharma-230d7.web.app","appId":"1:193172513145:web:b26cc76a5f24177b644fa8","type":"DEFAULT_SITE"}]}
[debug] [2025-01-22T17:59:58.350Z] Checked if tokens are valid: true, expires at: 1737572019496
[debug] [2025-01-22T17:59:58.350Z] Checked if tokens are valid: true, expires at: 1737572019496
[debug] [2025-01-22T17:59:58.350Z] >>> [apiv2][query] GET https://firebase.googleapis.com/v1beta1/projects/-/webApps/1:193172513145:web:b26cc76a5f24177b644fa8/config [none]
[debug] [2025-01-22T17:59:59.373Z] <<< [apiv2][status] GET https://firebase.googleapis.com/v1beta1/projects/-/webApps/1:193172513145:web:b26cc76a5f24177b644fa8/config 200
[debug] [2025-01-22T17:59:59.373Z] <<< [apiv2][body] GET https://firebase.googleapis.com/v1beta1/projects/-/webApps/1:193172513145:web:b26cc76a5f24177b644fa8/config {"projectId":"gopharma-230d7","appId":"1:193172513145:web:b26cc76a5f24177b644fa8","storageBucket":"gopharma-230d7.firebasestorage.app","apiKey":"AIzaSyAM3FosOdo-yVaRU1jK12RbQQU3iaj4ekY","authDomain":"gopharma-230d7.firebaseapp.com","messagingSenderId":"193172513145","measurementId":"G-BLNT9V0BX3"}
[info] 
   Thank you for trying our early preview of Next.js support on Firebase Hosting.
   During the preview, support is best-effort and breaking changes can be expected. Proceed with caution.
   The integration is known to work with Next.js version 12 - 15.0. You may encounter errors.

   Documentation: https://firebase.google.com/docs/hosting/frameworks/nextjs
   File a bug: https://github.com/firebase/firebase-tools/issues/new?template=bug_report.md
   Submit a feature request: https://github.com/firebase/firebase-tools/issues/new?template=feature_request.md

   We'd love to learn from you. Express your interest in helping us shape the future of Firebase Hosting: https://goo.gle/41enW5X

[debug] [2025-01-22T18:00:02.991Z] Checked if tokens are valid: true, expires at: 1737572019496
[debug] [2025-01-22T18:00:02.991Z] Checked if tokens are valid: true, expires at: 1737572019496
[debug] [2025-01-22T18:00:02.991Z] >>> [apiv2][query] GET https://firebasehosting.googleapis.com/v1beta1/projects/gopharma-230d7/sites/gopharma-230d7 [none]
[debug] [2025-01-22T18:00:05.069Z] <<< [apiv2][status] GET https://firebasehosting.googleapis.com/v1beta1/projects/gopharma-230d7/sites/gopharma-230d7 200
[debug] [2025-01-22T18:00:05.069Z] <<< [apiv2][body] GET https://firebasehosting.googleapis.com/v1beta1/projects/gopharma-230d7/sites/gopharma-230d7 {"name":"projects/gopharma-230d7/sites/gopharma-230d7","defaultUrl":"https://gopharma-230d7.web.app","appId":"1:193172513145:web:b26cc76a5f24177b644fa8","type":"DEFAULT_SITE"}
[info]    ▲ Next.js 15.1.6

[info] 

[info]    Creating an optimized production build ...

[info]  ✓ Compiled successfully

[info]    Linting and checking validity of types ...

[info] 
Failed to compile.

./lib/firebase.config.ts
69:19  Error: Unexpected any. Specify a different type.  @typescript-eslint/no-explicit-any

info  - Need to disable some ESLint rules? Learn more here: https://nextjs.org/docs/app/api-reference/config/eslint#disabling-rules

[debug] [2025-01-22T18:00:13.094Z] Error: ENOENT: no such file or directory, open '/home/juliano/Documents/Projects/NextJS/gopharma/.next/export-marker.json'
[error] 
[error] Error: An unexpected error has occurred.
[debug] [2025-01-22T18:04:16.275Z] ----------------------------------------------------------------------
[debug] [2025-01-22T18:04:16.277Z] Command:       /usr/bin/node /usr/local/bin/firebase deploy
[debug] [2025-01-22T18:04:16.277Z] CLI Version:   13.29.1
[debug] [2025-01-22T18:04:16.278Z] Platform:      linux
[debug] [2025-01-22T18:04:16.278Z] Node Version:  v18.19.1
[debug] [2025-01-22T18:04:16.278Z] Time:          Wed Jan 22 2025 21:04:16 GMT+0300 (East Africa Time)
[debug] [2025-01-22T18:04:16.278Z] ----------------------------------------------------------------------
[debug] 
[debug] [2025-01-22T18:04:16.329Z] > command requires scopes: ["email","openid","https://www.googleapis.com/auth/cloudplatformprojects.readonly","https://www.googleapis.com/auth/firebase","https://www.googleapis.com/auth/cloud-platform"]
[debug] [2025-01-22T18:04:16.330Z] > authorizing via signed-in user (josoajuliano@gmail.com)
[debug] [2025-01-22T18:04:16.330Z] [iam] checking project gopharma-230d7 for permissions ["firebase.projects.get","firebasehosting.sites.update"]
[debug] [2025-01-22T18:04:16.331Z] Checked if tokens are valid: true, expires at: 1737572019496
[debug] [2025-01-22T18:04:16.331Z] Checked if tokens are valid: true, expires at: 1737572019496
[debug] [2025-01-22T18:04:16.332Z] >>> [apiv2][query] POST https://cloudresourcemanager.googleapis.com/v1/projects/gopharma-230d7:testIamPermissions [none]
[debug] [2025-01-22T18:04:16.332Z] >>> [apiv2][(partial)header] POST https://cloudresourcemanager.googleapis.com/v1/projects/gopharma-230d7:testIamPermissions x-goog-quota-user=projects/gopharma-230d7
[debug] [2025-01-22T18:04:16.332Z] >>> [apiv2][body] POST https://cloudresourcemanager.googleapis.com/v1/projects/gopharma-230d7:testIamPermissions {"permissions":["firebase.projects.get","firebasehosting.sites.update"]}
[debug] [2025-01-22T18:04:18.367Z] <<< [apiv2][status] POST https://cloudresourcemanager.googleapis.com/v1/projects/gopharma-230d7:testIamPermissions 200
[debug] [2025-01-22T18:04:18.367Z] <<< [apiv2][body] POST https://cloudresourcemanager.googleapis.com/v1/projects/gopharma-230d7:testIamPermissions {"permissions":["firebase.projects.get","firebasehosting.sites.update"]}
[debug] [2025-01-22T18:04:18.368Z] Checked if tokens are valid: true, expires at: 1737572019496
[debug] [2025-01-22T18:04:18.368Z] Checked if tokens are valid: true, expires at: 1737572019496
[debug] [2025-01-22T18:04:18.369Z] >>> [apiv2][query] GET https://firebase.googleapis.com/v1beta1/projects/gopharma-230d7 [none]
[debug] [2025-01-22T18:04:19.284Z] <<< [apiv2][status] GET https://firebase.googleapis.com/v1beta1/projects/gopharma-230d7 200
[debug] [2025-01-22T18:04:19.284Z] <<< [apiv2][body] GET https://firebase.googleapis.com/v1beta1/projects/gopharma-230d7 {"projectId":"gopharma-230d7","projectNumber":"193172513145","displayName":"GoPharma","name":"projects/gopharma-230d7","resources":{"hostingSite":"gopharma-230d7"},"state":"ACTIVE","etag":"1_d945099e-00d4-40b6-9296-edc342b143c8"}
[debug] [2025-01-22T18:04:20.885Z] Checked if tokens are valid: true, expires at: 1737572019496
[debug] [2025-01-22T18:04:20.885Z] Checked if tokens are valid: true, expires at: 1737572019496
[debug] [2025-01-22T18:04:20.886Z] >>> [apiv2][query] GET https://firebasehosting.googleapis.com/v1beta1/projects/gopharma-230d7/sites pageToken=&pageSize=10
[debug] [2025-01-22T18:04:22.969Z] <<< [apiv2][status] GET https://firebasehosting.googleapis.com/v1beta1/projects/gopharma-230d7/sites 200
[debug] [2025-01-22T18:04:22.969Z] <<< [apiv2][body] GET https://firebasehosting.googleapis.com/v1beta1/projects/gopharma-230d7/sites {"sites":[{"name":"projects/gopharma-230d7/sites/gopharma-230d7","defaultUrl":"https://gopharma-230d7.web.app","appId":"1:193172513145:web:b26cc76a5f24177b644fa8","type":"DEFAULT_SITE"}]}
[debug] [2025-01-22T18:04:22.970Z] Checked if tokens are valid: true, expires at: 1737572019496
[debug] [2025-01-22T18:04:22.970Z] Checked if tokens are valid: true, expires at: 1737572019496
[debug] [2025-01-22T18:04:22.970Z] >>> [apiv2][query] GET https://firebase.googleapis.com/v1beta1/projects/-/webApps/1:193172513145:web:b26cc76a5f24177b644fa8/config [none]
[debug] [2025-01-22T18:04:24.199Z] <<< [apiv2][status] GET https://firebase.googleapis.com/v1beta1/projects/-/webApps/1:193172513145:web:b26cc76a5f24177b644fa8/config 200
[debug] [2025-01-22T18:04:24.199Z] <<< [apiv2][body] GET https://firebase.googleapis.com/v1beta1/projects/-/webApps/1:193172513145:web:b26cc76a5f24177b644fa8/config {"projectId":"gopharma-230d7","appId":"1:193172513145:web:b26cc76a5f24177b644fa8","storageBucket":"gopharma-230d7.firebasestorage.app","apiKey":"AIzaSyAM3FosOdo-yVaRU1jK12RbQQU3iaj4ekY","authDomain":"gopharma-230d7.firebaseapp.com","messagingSenderId":"193172513145","measurementId":"G-BLNT9V0BX3"}
